<?xml version="1.0" encoding="UTF-8"?>
<!-- Generated by org.testng.reporters.JUnitXMLReporter -->
<testsuite hostname="ca-heiba" name="Default test" tests="3" failures="0" timestamp="12 Feb 2020 11:00:59 GMT" time="24.963" errors="0">
  <testcase name="SearchGoogle" time="7.223" classname="Selenium.MVN.AutomationTask"/>
  <testcase name="RigsterOnParaBank" time="2.24" classname="Selenium.MVN.AutomationTask"/>
  <testcase name="RequestLoan" time="1.781" classname="Selenium.MVN.AutomationTask"/>
</testsuite> <!-- Default test -->
